mingw32-make.exe all --print-data-base --no-builtin-variables --no-builtin-rules --question
# GNU Make 4.3
# Built for Windows32
# Copyright (C) 1988-2020 Free Software Foundation, Inc.
# License GPLv3+: GNU GPL version 3 or later <http://gnu.org/licenses/gpl.html>
# This is free software: you are free to change and redistribute it.
# There is NO WARRANTY, to the extent permitted by law.

# Make data base, printed on Sun Feb 13 13:32:35 2022

# Variables

# environment
FPS_BROWSER_APP_PROFILE_STRING = Internet Explorer
# environment
SYSTEMDRIVE = C:
# makefile (from 'Makefile', line 18)
OBJ = $(SRC:$(SRCDIR)/%$(EXT)=$(OBJDIR)/%.o)
# environment
LC_ALL = C
# makefile (from 'Makefile', line 17)
SRC = $(wildcard $(SRCDIR)/*$(EXT))
# environment
_MSYS2_BASH = C:\tools\msys64\usr\bin\bash.exe
# makefile (from 'Makefile', line 12)
EXT = .cpp
# makefile (from 'Makefile', line 26)
WDELOBJ = $(SRC:$(SRCDIR)/%$(EXT)=$(OBJDIR)\\%.o)
# makefile (from 'Makefile', line 14)
OBJDIR = obj
# environment
USERPROFILE = C:\Users\Bart de Vries
# environment
LOCALAPPDATA = C:\Users\Bart de Vries\AppData\Local
# environment
VSCODE_IPC_HOOK_EXTHOST = \\.\pipe\vscode-ipc-2f32e521-2fa7-4caf-b862-46d55037f24f-sock
# environment
VSCODE_CWD = C:\Users\Bart de Vries\AppData\Local\Programs\Microsoft VS Code
# environment
CHOCOLATEYINSTALL = C:\ProgramData\chocolatey
# makefile (from 'Makefile', line 22)
DELOBJ = $(OBJ)
# en 
vironment
SYSTEMROOT = C:\WINDOWS
# environment
PROCESSOR_LEVEL = 21
# environment
PSMODULEPATH = C:\Program Files\WindowsPowerShell\Modules;C:\WINDOWS\system32\WindowsPowerShell\v1.0\Modules
# default
MAKE_COMMAND := mingw32-make.exe
# automatic
@D = $(patsubst %/,%,$(patsubst %\,%,$(dir $@)))
# environment
CHROME_CRASHPAD_PIPE_NAME = \\.\pipe\crashpad_8736_UENMBDVHINJEFUYU
# environment
VS160COMCOMNTOOLS = C:\Program Files (x86)\Microsoft Visual Studio\2019\Community\Common7\Tools\
# environment
ONEDRIVECOMMERCIAL = C:\Users\Bart de Vries\OneDrive - Griftland College
# environment
FPS_BROWSER_USER_PROFILE_STRING = Default
# environment
VSCODE_HANDLES_UNCAUGHT_ERRORS = true
# default
.VARIABLES := 
# automatic
%D = $(patsubst %/,%,$(patsubst %\,%,$(dir $%)))
# automatic
^D = $(patsubst %/,%,$(patsubst %\,%,$(dir $^)))
# environment
VSCODE_LOG_STACK = false
# automatic
%F = $(notdir $%)
# environment
VSCODE_CODE_CACHE_PATH = C:\Users\Bart de Vries\AppData\Roaming\Code\CachedData\d6ee99e4c045a6716e5c653d7da8e9ae6f5a8b03
# environment
LANG = C
# default
.LOADED := 
# environment
TMP = C:\Users\BARTDE~1\AppData\Local\Temp
# default
.INCLUDE_DIRS = .
# makefile
MAKEFLAGS = pqrR
# environment
PT6HOME = D:\Program Files (x86)\Cisco Packet Tracer 6.2sv
# environment
ONEDRIVE = C:\Users\Bart de Vries\OneDrive - Griftland College
# makefile (from 'Makefile', line 19)
DEP = $(OBJ:$(OBJDIR)/%.o=%.d)
# makefile
CURDIR := c:/Users/Bart de Vries/Documents/HU-jaar2/HU-HPP/AutoverhuurEnGameswinkelInC/autoverhuur
# environment
VSCODE_PIPE_LOGGING = true
# environment
APPLICATION_INSIGHTS_NO_DIAGNOSTIC_CHANNEL = 1
# automatic
*D = $(patsubst %/,%,$(patsubst %\,%,$(dir $*)))
# environment
PROGRAMFILES = C:\Program Files
# environment
MFLAGS = -pqrR
# default
.SHELLFLAGS := -c
# environment
COMMONPROGRAMW6432 = C:\Program Files\Common Files
# automatic
+D = $(patsubst %/,%,$(patsubst %\,%,$(dir $+)))
# makefile (from 'wagen.d', line 1)
MAKEFILE_LIST := Makefile autohuur.d klant.d main.d wagen.d
# automatic
@F = $(notdir $@)
# environment
VSCODE_VERBOSE_LOGGING = true
# environment
VSCODE_PID = 8736
# makefile (from 'Makefile', line 11)
APPNAME = main
# automatic
?D = $(patsubst %/,%,$(patsubst %\,%,$(dir $?)))
# automatic
*F = $(notdir $*)
# automatic
<D = $(patsubst %/,%,$(patsubst %\,%,$(dir $<)))
# environment
VSCODE_NLS_CONFIG = {"locale":"nl","availableLanguages":{},"_languagePackSupport":true}
# default
MAKE_HOST := Windows32
# environment
PROGRAMDATA = C:\ProgramData
# default
SHELL := sh.exe
# environment
HOMEPATH = \Users\Bart de Vries
# default
MAKECMDGOALS := all
# environment
DRIVERDATA = C:\Windows\System32\Drivers\DriverData
# environment
COMSPEC = C:\WINDOWS\system32\cmd.exe
# environment
WINDIR = C:\WINDOWS
# environment
ESET_OPTIONS = $(subst ,,                                                                                                                                                                                                                                                                                                                                                                                                                                                                                                                               )
# environment
MAKELEVEL := 0
# default
MAKE = $(MAKE_COMMAND)
# environment
PATH = C:\Program Files (x86)\Razer Chroma SDK\bin;C:\Program Files\Razer Chroma SDK\bin;C:\Program Files (x86)\Razer\ChromaBroadcast\bin;C:\Program Files\Razer\ChromaBroadcast\bin;C:\Program Files (x86)\Common Files\Oracle\Java\javapath;C:\WINDOWS\system32;C:\WINDOWS;C:\WINDOWS\System32\Wbem;C:\WINDOWS\System32\WindowsPowerShell\v1.0\;C:\WINDOWS\System32\OpenSSH\;C:\Program Files (x86)\NVIDIA Corporation\PhysX\Common;C:\Program Files\dotnet\;C:\Program Files\Microsoft SQL Server\130\Tools\Binn\;C:\Program Files\PuTTY\;C:\WINDOWS\system32;C:\WINDOWS;C:\WINDOWS\System32\Wbem;C:\WINDOWS\System32\WindowsPowerShell\v1.0\;C:\WINDOWS\System32\OpenSSH\;C:\Program Files\Git\cmd;C:\ProgramData\chocolatey\bin;C:\WINDOWS\system32\config\systemprofile\AppData\Local\Microsoft\WindowsApps;;C:\Program Files\NVIDIA Corporation\NVIDIA NvDLISR;C:\Program Files\MySQL\MySQL Shell 8.0\bin\;C:\Users\Bart de Vries\AppData\Roaming\local\bin;C:\Users\Bart de Vries\AppData\Local\Microsoft\WindowsApps;C:\Users\Bart de Vries\AppData\Local\Programs\Microsoft VS Code\bin;C:\Users\Bart de Vries\AppData\Local\GitHubDesktop\bin;C:\Users\Bart de Vries\AppData\Local\Packages\PythonSoftwareFoundation.Python.3.8_qbz5n2kfra8p0\LocalCache\local-packages\Python38\Scripts;C:\Users\Bart de Vries\AppData\Local\Microsoft\WindowsApps;C:\Users\Bart de Vries\AppData\Roaming\cabal\bin;C:\ProgramData\chocolatey\lib\ghc\tools\ghc-8.10.2\bin;C:\tools\msys64;C:\Users\Bart de Vries\AppData\Local\gitkraken\bin;C:\Program Files\MySQL\MySQL Shell 8.0\bin\;C:\Users\Bart de Vries\AppData\Roaming\local\bin;C:\Users\Bart de Vries\AppData\Local\Microsoft\WindowsApps;C:\Users\Bart de Vries\AppData\Local\GitHubDesktop\bin;C:\Users\Bart de Vries\AppData\Local\Packages\PythonSoftwareFoundation.Python.3.8_qbz5n2kfra8p0\LocalCache\local-packages\Python38\Scripts;C:\Users\Bart de Vries\AppData\Local\Microsoft\WindowsApps;C:\Users\Bart de Vries\AppData\Roaming\cabal\bin;C:\ProgramData\chocolatey\lib\ghc\tools\ghc-8.10.2\bin;C:\tools\msys64;C:\Users\Bart de Vries\AppData\Local\gitkraken\bin;C:\msys64\mingw64\bin;C:\Users\Bart de Vries\AppData\Local\Programs\Microsoft VS Code\bin
# environment
COMPUTERNAME = DESKTOP-E7FF1DR
# default
MAKEFILES := 
# automatic
^F = $(notdir $^)
# environment
_MSYS2_PREFIX = x86_64
# environment
PROMPT = $P$G
# environment
CHOCOLATEYLASTPATHUPDATE = 132435167513955215
# environment
LOGONSERVER = \\DESKTOP-E7FF1DR
# environment
VSCODE_LOG_NATIVE = false
# environment
USERNAME = Bart de Vries
# environment
COMMONPROGRAMFILES = C:\Program Files\Common Files
# automatic
?F = $(notdir $?)
# environment
PROGRAMW6432 = C:\Program Files
# environment
PATHEXT = .COM;.EXE;.BAT;.CMD;.VBS;.VBE;.JS;.JSE;.WSF;.WSH;.MSC
# automatic
+F = $(notdir $+)
# environment
ORIGINAL_XDG_CURRENT_DESKTOP = undefined
# environment
USERDOMAIN = DESKTOP-E7FF1DR
# 'override' directive
GNUMAKEFLAGS := 
# environment
OS = Windows_NT
# makefile (from 'Makefile', line 25)
EXE = .exe
# makefile
.DEFAULT_GOAL := all
# makefile (from 'Makefile', line 21)
RM = rm
# default
MAKE_VERSION := 4.3
# environment
PROGRAMFILES(X86) = C:\Program Files (x86)
# makefile (from 'Makefile', line 8)
LDFLAGS = 
# makefile (from 'Makefile', line 24)
DEL = del
# environment
USERDOMAIN_ROAMINGPROFILE = DESKTOP-E7FF1DR
# environment
NUMBER_OF_PROCESSORS = 8
# environment
PUBLIC = C:\Users\Public
# environment
APPDATA = C:\Users\Bart de Vries\AppData\Roaming
# environment
HOMEDRIVE = C:
# environment
PROCESSOR_ARCHITECTURE = AMD64
# environment
STACK_ROOT = C:\sr
# environment
VSCODE_AMD_ENTRYPOINT = vs/workbench/services/extensions/node/extensionHostProcess
# environment
COMMONPROGRAMFILES(X86) = C:\Program Files (x86)\Common Files
# environment
ELECTRON_RUN_AS_NODE = 1
# environment
TEMP = C:\Users\BARTDE~1\AppData\Local\Temp
# environment
VSCODE_IPC_HOOK = \\.\pipe\0d0d7c69166fd2a668b5a76646fd2685-1.64.1-main-sock
# makefile (from 'Makefile', line 13)
SRCDIR = src
# default
.RECIPEPREFIX := 
# automatic
<F = $(notdir $<)
# default
SUFFIXES := 
# environment
ALLUSERSPROFILE = C:\ProgramData
# environment
SESSIONNAME = Console
# makefile (from 'Makefile', line 7)
CXXFLAGS = -std=c++17 -Wall
# default
.FEATURES := target-specific order-only second-expansion else-if shortest-stem undefine oneshell nocomment grouped-target extra-prereqs archives jobserver output-sync load
# environment
PROCESSOR_REVISION = 0200
# makefile (from 'Makefile', line 6)
CC = g++
# environment
CHOCOLATEYTOOLSLOCATION = C:\tools
# environment
PROCESSOR_IDENTIFIER = AMD64 Family 21 Model 2 Stepping 0, AuthenticAMD
# variable set hash-table stats:
# Load=118/1024=12%, Rehash=0, Collisions=14/181=8%

# Pattern-specific Variable Values

# No pattern-specific variable values.

# Directories

# src (key c:/Users/Bart de Vries/Documents/HU-jaar2/HU-HPP/AutoverhuurEnGameswinkelInC/autoverhuur/src, mtime 1644429658): 7 files, no impossibilities.
# . (key c:/Users/Bart de Vries/Documents/HU-jaar2/HU-HPP/AutoverhuurEnGameswinkelInC/autoverhuur, mtime 1644434497): 10 files, no impossibilities.

# 17 files, no impossibilities in 2 directories.

# Implicit Rules

%.d: src/%.cpp
#  recipe to execute (from 'Makefile', line 40):
	@$(CPP) $(CFLAGS) $< -MM -MT $(@:%.d=$(OBJDIR)/%.o) >$@

obj/%.o: src/%.cpp
#  recipe to execute (from 'Makefile', line 47):
	$(CC) $(CXXFLAGS) -o $@ -c $<

# 2 implicit rules, 0 (0.0%) terminal.
# Files

cleandepw:
#  Phony target (prerequisite of .PHONY).
#  Implicit rule search has not been done.
#  File does not exist.
#  File has not been updated.
#  recipe to execute (from 'Makefile', line 69):
	$(DEL) $(DEP)

obj/autohuur.o: src/autohuur.cpp src/autohuur.cpp src/include/autohuur.hpp src/include/klant.hpp src/include/wagen.hpp
#  Implicit rule search has been done.
#  Implicit/static pattern stem: 'autohuur'
#  File does not exist.
#  File has been updated.
#  Needs to be updated (-q is set).
# automatic
# @ := obj/autohuur.o
# automatic
# * := autohuur
# automatic
# < := src/autohuur.cpp
# automatic
# + := src/autohuur.cpp src/autohuur.cpp src/include/autohuur.hpp src/include/klant.hpp src/include/wagen.hpp
# automatic
# % := 
# automatic
# ^ := src/autohuur.cpp src/include/autohuur.hpp src/include/klant.hpp src/include/wagen.hpp
# automatic
# ? := src/autohuur.cpp src/include/autohuur.hpp src/include/klant.hpp src/include/wagen.hpp
# automatic
# | := 
# variable set hash-table stats:
# Load=8/32=25%, Rehash=0, Collisions=2/15=13%
#  recipe to execute (from 'Makefile', line 47):
	$(CC) $(CXXFLAGS) -o $@ -c $<

obj/main.o: src/main.cpp src/include/autohuur.hpp src/include/klant.hpp src/include/wagen.hpp
#  Implicit rule search has not been done.
#  Modification time never checked.
#  File has not been updated.

obj/wagen.o: src/wagen.cpp src/include/wagen.hpp
#  Implicit rule search has not been done.
#  Modification time never checked.
#  File has not been updated.

cleandep:
#  Phony target (prerequisite of .PHONY).
#  Implicit rule search has not been done.
#  File does not exist.
#  File has not been updated.
#  recipe to execute (from 'Makefile', line 58):
	$(RM) $(DEP)

# Not a target:
Makefile:
#  Implicit rule search has been done.
#  Last modified 2022-02-09 18:07:01
#  File has been updated.
#  Successfully updated.

# Not a target:
src/klant.cpp:
#  Implicit rule search has been done.
#  Last modified 2022-02-09 20:25:12
#  File has been updated.
#  Successfully updated.

# Not a target:
src/main.cpp:
#  Implicit rule search has been done.
#  Last modified 2022-02-09 20:25:12
#  File has been updated.
#  Successfully updated.

clean:
#  Phony target (prerequisite of .PHONY).
#  Implicit rule search has not been done.
#  File does not exist.
#  File has not been updated.
#  recipe to execute (from 'Makefile', line 53):
	$(RM) $(DELOBJ) $(DEP) $(APPNAME)

obj/klant.o: src/klant.cpp src/include/klant.hpp
#  Implicit rule search has not been done.
#  Modification time never checked.
#  File has not been updated.

autohuur.d: src/autohuur.cpp
#  Implicit rule search has been done.
#  Implicit/static pattern stem: 'autohuur'
#  Last modified 2022-02-13 13:32:34
#  File has been updated.
#  Successfully updated.
#  recipe to execute (from 'Makefile', line 40):
	@$(CPP) $(CFLAGS) $< -MM -MT $(@:%.d=$(OBJDIR)/%.o) >$@

# Not a target:
src/include/autohuur.hpp:
#  Implicit rule search has been done.
#  Last modified 2022-02-09 20:25:12
#  File has been updated.
#  Successfully updated.

# Not a target:
src/autohuur.cpp:
#  Implicit rule search has been done.
#  Last modified 2022-02-13 13:32:33
#  File has been updated.
#  Successfully updated.

# Not a target:
.DEFAULT:
#  Implicit rule search has not been done.
#  Modification time never checked.
#  File has not been updated.

all: main
#  Command line target.
#  Implicit rule search has been done.
#  File does not exist.
#  File has been updated.
#  Needs to be updated (-q is set).
# variable set hash-table stats:
# Load=0/32=0%, Rehash=0, Collisions=0/5=0%

# Not a target:
src/include/wagen.hpp:
#  Implicit rule search has been done.
#  Last modified 2022-02-09 20:31:43
#  File has been updated.
#  Successfully updated.

main: obj/autohuur.o obj/klant.o obj/main.o obj/wagen.o
#  Implicit rule search has not been done.
#  File does not exist.
#  File has been updated.
#  Needs to be updated (-q is set).
# variable set hash-table stats:
# Load=0/32=0%, Rehash=0, Collisions=0/5=0%
#  recipe to execute (from 'Makefile', line 36):
	$(CC) $(CXXFLAGS) -o $@ $^ $(LDFLAGS)

wagen.d: src/wagen.cpp
#  Implicit rule search has been done.
#  Implicit/static pattern stem: 'wagen'
#  Last modified 2022-02-13 13:32:34
#  File has been updated.
#  Successfully updated.
#  recipe to execute (from 'Makefile', line 40):
	@$(CPP) $(CFLAGS) $< -MM -MT $(@:%.d=$(OBJDIR)/%.o) >$@

cleanw:
#  Phony target (prerequisite of .PHONY).
#  Implicit rule search has not been done.
#  File does not exist.
#  File has not been upd 
ated.
#  recipe to execute (from 'Makefile', line 64):
	$(DEL) $(WDELOBJ) $(DEP) $(APPNAME)$(EXE)

main.d: src/main.cpp
#  Implicit rule search has been done.
#  Implicit/static pattern stem: 'main'
#  Last modified 2022-02-13 13:32:34
#  File has been updated.
#  Successfully updated.
#  recipe to execute (from 'Makefile', line 40):
	@$(CPP) $(CFLAGS) $< -MM -MT $(@:%.d=$(OBJDIR)/%.o) >$@

# Not a target:
src/wagen.cpp:
#  Implicit rule search has been done.
#  Last modified 2022-02-09 20:25:12
#  File has been updated.
#  Successfully updated.

klant.d: src/klant.cpp
#  Implicit rule search has been done.
#  Implicit/static pattern stem: 'klant'
#  Last modified 2022-02-13 13:32:34
#  File has been updated.
#  Successfully updated.
#  recipe to execute (from 'Makefile', line 40):
	@$(CPP) $(CFLAGS) $< -MM -MT $(@:%.d=$(OBJDIR)/%.o) >$@

.PHONY: clean cleandep cleanw cleandepw
#  Implicit rule search has not been done.
#  Modification time never checked.
#  File has not been updated.

# Not a target:
src/include/klant.hpp:
#  Implicit rule search has been done.
#  Last modified 2022-02-09 20:31:43
#  File has been updated.
#  Successfully updated.

# files hash-table stats:
# Load=25/1024=2%, Rehash=0, Collisions=4/87=5%
# VPATH Search Paths

# No 'vpath' search paths.

# No general ('VPATH' variable) search path.

# strcache buffers: 1 (0) / strings = 41 / storage = 401 B / avg = 9 B
# current buf: size = 8162 B / used = 401 B / count = 41 / avg = 9 B

# strcache performance: lookups = 101 / hit rate = 59%
# hash-table stats:
# Load=41/8192=1%, Rehash=0, Collisions=0/101=0%
# Finished Make data base on Sun Feb 13 13:32:35 2022

 
