mingw32-make.exe all --print-data-base --no-builtin-variables --no-builtin-rules --question
mingw32-make: *** No rule to make target 'all'.  Stop.
 
# GNU Make 4.3
# Built for Windows32
# Copyright (C) 1988-2020 Free Software Foundation, Inc.
# License GPLv3+: GNU GPL version 3 or later <http://gnu.org/licenses/gpl.html>
# This is free software: you are free to change and redistribute it.
# There is NO WARRANTY, to the extent permitted by law.

# Make data base, printed on Wed Feb 09 20:04:08 2022

# Variables

# environment
SYSTEMDRIVE = C:
# environment
LC_ALL = C
# environment
_MSYS2_BASH = C:\tools\msys64\usr\bin\bash.exe
# environment
USERPROFILE = C:\Users\Bart de Vries
# environment
LOCALAPPDATA = C:\Users\Bart de Vries\AppData\Local
# environment
VSCODE_IPC_HOOK_EXTHOST = \\.\pipe\vscode-ipc-41f94b1d-4a76-4b4c-a2e5-b97914ed7c8f-sock
# environment
VSCODE_CWD = C:\Users\Bart de Vries\AppData\Local\Programs\Microsoft VS Code
# environment
CHOCOLATEYINSTALL = C:\ProgramData\chocolatey
# environment
SYSTEMROOT = C:\WINDOWS
# environment
PROCESSOR_LEVEL = 21
# environment
PSMODULEPATH = C:\Program Files\WindowsPowerShell\Modules;C:\WINDOWS\system32\WindowsPowerShell\v1.0\Modules
# default
MAKE_COMMAND := mingw32-make.exe
# automatic
@D = $(patsubst %/,%,$(patsubst %\,%,$(dir $@)))
# environment
CHROME_CRASHPAD_PIPE_NAME = \\.\pipe\crashpad_9184_NGMYKEKSCJSJHJER
# environment
VS160COMCOMNTOOLS = C:\Program Files (x86)\Microsoft Visual Studio\2019\Community\Common7\Tools\
# environment
ONEDRIVECOMMERCIAL = C:\Users\Bart de Vries\OneDrive - Griftland College
# environment
VSCODE_HANDLES_UNCAUGHT_ERRORS = true
# default
.VARIABLES := 
# automatic
%D = $(patsubst %/,%,$(patsubst %\,%,$(dir $%)))
# automatic
^D = $(patsubst %/,%,$(patsubst %\,%,$(dir $^)))
# environment
VSCODE_LOG_STACK = false
# automatic
%F = $(notdir $%)
# environment
VSCODE_CODE_CACHE_PATH = C:\Users\Bart de Vries\AppData\Roaming\Code\CachedData\d6ee99e4c045a6716e5c653d7da8e9ae6f5a8b03
# environment
LANG = C
# default
.LOADED := 
# environment
TMP = C:\Users\BARTDE~1\AppData\Local\Temp
# default
.INCLUDE_DIRS = .
# makefile
MAKEFLAGS = pqrR
# environment
PT6HOME = D:\Program Files (x86)\Cisco Packet Tracer 6.2sv
# environment
ONEDRIVE = C:\Users\Bart de Vries\OneDrive - Griftland College
# makefile
CURDIR := c:/Users/Bart de Vries/Documents/HU-jaar2/HU-HPP/Autoverhuur&Gameswinkel_in_c++
# environment
VSCODE_PIPE_LOGGING = true
# environment
APPLICATION_INSIGHTS_NO_DIAGNOSTIC_CHANNEL = 1
# automatic
*D = $(patsubst %/,%,$(patsubst %\,%,$(dir $*)))
# environment
PROGRAMFILES = C:\Program Files
# environment
MFLAGS = -pqrR
# default
.SHELLFLAGS := -c
# environment
COMMONPROGRAMW6432 = C:\Program Files\Common Files
# automatic
+D = $(patsubst %/,%,$(patsubst %\,%,$(dir $+)))
# makefile
MAKEFILE_LIST := 
# automatic
@F = $(notdir $@)
# environment
VSCODE_VERBOSE_LOGGING = true
# environment
VSCODE_PID = 9184
# automatic
?D = $(patsubst %/,%,$(patsubst %\,%,$(dir $?)))
# automatic
*F = $(notdir $*)
# automatic
<D = $(patsubst %/,%,$(patsubst %\,%,$(dir $<)))
# environment
VSCODE_NLS_CONFIG = {"locale":"nl","availableLanguages":{},"_languagePackSupport":true}
# default
MAKE_HOST := Windows32
# environment
PROGRAMDATA = C:\ProgramData
# default
SHELL := sh.exe
# environment
HOMEPATH = \Users\Bart de Vries
# default
MAKECMDGOALS := all
# environment
DRIVERDATA = C:\Windows\System32\Drivers\DriverData
# environment
COMSPEC = C:\WINDOWS\system32\cmd.exe
# environment
WINDIR = C:\WINDOWS
# environment
ESET_OPTIONS = $(subst ,,                                                                                                                                                                                                                                                                                                                                                                                                                                                                                                                               )
# environment
MAKELEVEL := 0
# default
MAKE = $(MAKE_COMMAND)
# environment
PATH = C:\Program Files (x86)\Razer Chroma SDK\bin;C:\Program Files\Razer Chroma SDK\bin;C:\Program Files (x86)\Razer\ChromaBroadcast\bin;C:\Program Files\Razer\ChromaBroadcast\bin;C:\Program Files (x86)\Common Files\Oracle\Java\javapath;C:\WINDOWS\system32;C:\WINDOWS;C:\WINDOWS\System32\Wbem;C:\WINDOWS\System32\WindowsPowerShell\v1.0\;C:\WINDOWS\System32\OpenSSH\;C:\Program Files (x86)\NVIDIA Corporation\PhysX\Common;C:\Program Files\dotnet\;C:\Program Files\Microsoft SQL Server\130\Tools\Binn\;C:\Program Files\PuTTY\;C:\WINDOWS\system32;C:\WINDOWS;C:\WINDOWS\System32\Wbem;C:\WINDOWS\System32\WindowsPowerShell\v1.0\;C:\WINDOWS\System32\OpenSSH\;C:\Program Files\Git\cmd;C:\ProgramData\chocolatey\bin;C:\WINDOWS\system32\config\systemprofile\AppData\Local\Microsoft\WindowsApps;;C:\Program Files\NVIDIA Corporation\NVIDIA NvDLISR;C:\Program Files\MySQL\MySQL Shell 8.0\bin\;C:\Users\Bart de Vries\AppData\Roaming\local\bin;C:\Users\Bart de Vries\AppData\Local\Microsoft\WindowsApps;C:\Users\Bart de Vries\AppData\Local\Programs\Microsoft VS Code\bin;C:\Users\Bart de Vries\AppData\Local\GitHubDesktop\bin;C:\Users\Bart de Vries\AppData\Local\Packages\PythonSoftwareFoundation.Python.3.8_qbz5n2kfra8p0\LocalCache\local-packages\Python38\Scripts;C:\Users\Bart de Vries\AppData\Local\Microsoft\WindowsApps;C:\Users\Bart de Vries\AppData\Roaming\cabal\bin;C:\ProgramData\chocolatey\lib\ghc\tools\ghc-8.10.2\bin;C:\tools\msys64;C:\Users\Bart de Vries\AppData\Local\gitkraken\bin;C:\Program Files\MySQL\MySQL Shell 8.0\bin\;C:\Users\Bart de Vries\AppData\Roaming\local\bin;C:\Users\Bart de Vries\AppData\Local\Microsoft\WindowsApps;C:\Users\Bart de Vries\AppData\Local\Programs\Microsoft VS Code\bin;C:\Users\Bart de Vries\AppData\Local\GitHubDesktop\bin;C:\Users\Bart de Vries\AppData\Local\Packages\PythonSoftwareFoundation.Python.3.8_qbz5n2kfra8p0\LocalCache\local-packages\Python38\Scripts;C:\Users\Bart de Vries\AppData\Local\Microsoft\WindowsApps;C:\Users\Bart de Vries\AppData\Roaming\cabal\bin;C:\ProgramData\chocolatey\lib\ghc\tools\ghc-8.10.2\bin;C:\tools\msys64;C:\Users\Bart de Vries\AppData\Local\gitkraken\bin;C:\msys64\mingw64\bin;
# environment
COMPUTERNAME = DESKTOP-E7FF1DR
# default
MAKEFILES := 
# automatic
^F = $(notdir $^)
# environment
_MSYS2_PREFIX = x86_64
# environment
PROMPT = $P$G
# environment
CHOCOLATEYLASTPATHUPDATE = 132435167513955215
# environment
LOGONSERVER = \\DESKTOP-E7FF1DR
# environment
VSCODE_LOG_NATIVE = false
# environment
USERNAME = Bart de Vries
# environment
COMMONPROGRAMFILES = C:\Program Files\Common Files
# automatic
?F = $(notdir $?)
# environment
PROGRAMW6432 = C:\Program Files
# environment
PATHEXT = .COM;.EXE;.BAT;.CMD;.VBS;.VBE;.JS;.JSE;.WSF;.WSH;.MSC
# automatic
+F = $(notdir $+)
# environment
ORIGINAL_XDG_CURRENT_DESKTOP = undefined
# environment
USERDOMAIN = DESKTOP-E7FF1DR
# 'override' directive
GNUMAKEFLAGS := 
# environment
OS = Windows_NT
# makefile
.DEFAULT_GOAL := 
# default
MAKE_VERSION := 4.3
# environment
PROGRAMFILES(X86) = C:\Program Files (x86)
# environment
USERDOMAIN_ROAMINGPROFILE = DESKTOP-E7FF1DR
# environment
NUMBER_OF_PROCESSORS = 8
# environment
PUBLIC = C:\Users\Public
# environment
APPDATA = C:\Users\Bart de Vries\AppData\Roaming
# environment
HOMEDRIVE = C:
# environment
PROCESSOR_ARCHITECTURE = AMD64
# environment
STACK_ROOT = C:\sr
# environment
VSCODE_AMD_ENTRYPOINT = vs/workbench/services/extensions/node/extensionHostProcess
# environment
COMMONPROGRAMFILES(X86) = C:\Program Files (x86)\Common Files
# environment
ELECTRON_RUN_AS_NODE = 1
# environment
TEMP = C:\Users\BARTDE~1\AppData\Local\Temp
# environment
VSCODE_IPC_HOOK = \\.\pipe\0d0d7c69166fd2a668b5a76646fd2685-1.64.1-main-sock
# default
.RECIPEPREFIX := 
# automatic
<F = $(notdir $<)
# default
SUFFIXES := 
# environment
ALLUSERSPROFILE = C:\ProgramData
# environment
SESSIONNAME = Console
# default
.FEATURES := target-specific order-only second-expansion else-if shortest-stem undefine oneshell nocomment grouped-target extra-prereqs archives jobserver output-sync load
# environment
PROCESSOR_REVISION = 0200
# environment
CHOCOLATEYTOOLSLOCATION = C:\tools
# environment
PROCESSOR_IDENTIFIER = AMD64 Family 21 Model 2 Stepping 0, AuthenticAMD
# variable set hash-table stats:
# Load=101/1024=10%, Rehash=0, Collisions=10/125=8%

# Pattern-specific Variable Values

# No pattern-specific variable values.

# Directories

# . (key c:/Users/Bart de Vries/Documents/HU-jaar2/HU-HPP/Autoverhuur&Gameswinkel_in_c++, mtime 1644428921): 5 files, no impossibilities.

# 5 files, no impossibilities in 1 directories.

# Implicit Rules

# No implicit rules.

# Files

# Not a target:
Makefile:
#  Implicit rule search has been done.
#  File does not exist.
#  File has been updated.
#  Failed to be updated.

# Not a target:
.DEFAULT:
#  Implicit rule search has not been done.
#  Modification time never checked.
#  File has not been updated.

# Not a target:
all:
#  Command line target.
#  Implicit rule search has been done.
#  File does not exist.
#  File has not been updated.

# Not a target:
makefile:
#  Implicit rule search has been done.
#  File does not exist.
#  File has been updated.
#  Failed to be updated.

# Not a target:
makefile.mak:
#  Implicit rule search has been done.
#  File does not exist.
#  File has been updated.
#  Failed to be updated.

# Not a target:
GNUmakefile:
#  Implicit rule search has been done.
#  File does not exist.
#  File has been updated.
#  Failed to be updated.

# files hash-table stats:
# Load=7/1024=1%, Rehash=0, Collisions=0/16=0%
# VPATH Search Paths

# No 'vpath' search paths.

# No general ('VPATH' variable) search path.

# strcache buffers: 1 (0) / strings = 12 / storage = 100 B / avg = 8 B
# current buf: size = 8162 B / used = 100 B / count = 12 / avg = 8 B

# strcache performance: lookups = 15 / hit rate = 20%
# hash-table stats:
# Load=12/8192=0%, Rehash=0, Collisions=0/15=0%
# Finished Make data base on Wed Feb 09 20:04:08 2022

 
